[0] loss: 2.41177868843
[1] loss: 2.32772994041
[2] loss: 2.3497633934
[3] loss: 2.34968519211
[4] loss: 2.34665179253
[5] loss: 2.27190828323
[6] loss: 2.33467030525
[7] loss: 2.33101582527
[8] loss: 2.35197877884
[9] loss: 2.32448530197
[10] loss: 2.34858107567
[11] loss: 2.32093548775
[12] loss: 2.31448578835
[13] loss: 2.29743266106
[14] loss: 2.31248664856
[15] loss: 2.31885385513
[16] loss: 2.33039546013
[17] loss: 2.32293272018
[18] loss: 2.33577799797
[19] loss: 2.34149742126
[20] loss: 2.27984762192
[21] loss: 2.3621544838
[22] loss: 2.31523871422
[23] loss: 2.35671377182
[24] loss: 2.29668736458
[25] loss: 2.36882686615
[26] loss: 2.32013893127
[27] loss: 2.35029697418
[28] loss: 2.32464504242
[29] loss: 2.34444618225
[30] loss: 2.33243083954
[31] loss: 2.34385538101
[32] loss: 2.3282456398
[33] loss: 2.29329752922
[34] loss: 2.28564667702
[35] loss: 2.37138819695
[36] loss: 2.31459569931
[37] loss: 2.37875652313
[38] loss: 2.31641221046
[39] loss: 2.27698516846
[40] loss: 2.32621669769
[41] loss: 2.31767368317
[42] loss: 2.32760572433
[43] loss: 2.3847424984
[44] loss: 2.28524374962
[45] loss: 2.35996437073
[46] loss: 2.34831190109
[47] loss: 2.31154060364
[48] loss: 2.31199288368
[49] loss: 2.38148975372
[50] loss: 2.30920481682
[51] loss: 2.28138542175
[52] loss: 2.35018014908
[53] loss: 2.36740899086
[54] loss: 2.37302112579
[55] loss: 2.32265949249
[56] loss: 2.30637311935
[57] loss: 2.31667542458
[58] loss: 2.31142067909
[59] loss: 2.30613923073
[60] loss: 2.32758975029
[61] loss: 2.35027647018
[62] loss: 2.30976128578
[63] loss: 2.34891796112
[64] loss: 2.30983281136
[65] loss: 2.31438994408
[66] loss: 2.32021689415
[67] loss: 2.33345222473
[68] loss: 2.34967947006
[69] loss: 2.35012340546
[70] loss: 2.33529090881
[71] loss: 2.33091449738
[72] loss: 2.36611175537
[73] loss: 2.32433080673
[74] loss: 2.26757597923
[75] loss: 2.3186147213
[76] loss: 2.3471262455
[77] loss: 2.26436233521
[78] loss: 2.3143658638
[79] loss: 2.33031368256
[80] loss: 2.32956624031
[81] loss: 2.29382681847
[82] loss: 2.25650501251
[83] loss: 2.22398948669
[84] loss: 2.31022787094
[85] loss: 2.32253456116
[86] loss: 2.34142303467
[87] loss: 2.32711553574
[88] loss: 2.31054162979
[89] loss: 2.31484365463
[90] loss: 2.29792523384
[91] loss: 2.32035422325
[92] loss: 2.33847570419
[93] loss: 2.3140103817
[94] loss: 2.32329559326
[95] loss: 2.31970500946
[96] loss: 2.34174060822
[97] loss: 2.32047629356
[98] loss: 2.34045147896
[99] loss: 2.3120470047
[100] loss: 2.25810074806
[101] loss: 2.30970907211
[102] loss: 2.28830957413
[103] loss: 2.29402828217
[104] loss: 2.2642595768
[105] loss: 2.27507472038
[106] loss: 2.35943055153
[107] loss: 2.32922506332
[108] loss: 2.29070901871
[109] loss: 2.28397703171
[110] loss: 2.27353072166
[111] loss: 2.28858757019
[112] loss: 2.33185505867
[113] loss: 2.36165046692
[114] loss: 2.27852892876
[115] loss: 2.29608440399
[116] loss: 2.31590294838
[117] loss: 2.26213979721
[118] loss: 2.2943379879
[119] loss: 2.32075095177
[120] loss: 2.32746315002
[121] loss: 2.32445073128
[122] loss: 2.31818461418
[123] loss: 2.30935883522
[124] loss: 2.28792905807
[125] loss: 2.21264958382
[126] loss: 2.32179999352
[127] loss: 2.30887269974
[128] loss: 2.30362439156
[129] loss: 2.28040909767
[130] loss: 2.26353549957
[131] loss: 2.29697608948
[132] loss: 2.29940080643
[133] loss: 2.31425642967
[134] loss: 2.30115485191
[135] loss: 2.29634857178
[136] loss: 2.32430458069
[137] loss: 2.2953286171
[138] loss: 2.31057047844
[139] loss: 2.30366921425
[140] loss: 2.35966897011
[141] loss: 2.30143499374
[142] loss: 2.29190206528
[143] loss: 2.28922939301
[144] loss: 2.30918598175
[145] loss: 2.26309943199
[146] loss: 2.2904791832
[147] loss: 2.27449297905
[148] loss: 2.29213738441
[149] loss: 2.23662471771
[150] loss: 2.28466272354
[151] loss: 2.29182219505
[152] loss: 2.26578068733
[153] loss: 2.30950450897
[154] loss: 2.29425168037
[155] loss: 2.22992253304
[156] loss: 2.32779812813
[157] loss: 2.28089118004
[158] loss: 2.30125665665
[159] loss: 2.34179759026
[160] loss: 2.38137340546
[161] loss: 2.28437519073
[162] loss: 2.29975104332
[163] loss: 2.32318902016
[164] loss: 2.29533600807
[165] loss: 2.26510453224
[166] loss: 2.35128331184
[167] loss: 2.25718307495
[168] loss: 2.33602666855
[169] loss: 2.28300380707
[170] loss: 2.25424098969
[171] loss: 2.29042410851
[172] loss: 2.2951874733
[173] loss: 2.2873749733
[174] loss: 2.27940678596
[175] loss: 2.25416254997
[176] loss: 2.27979278564
[177] loss: 2.29618930817
[178] loss: 2.26660943031
[179] loss: 2.27023386955
[180] loss: 2.36093711853
[181] loss: 2.27192616463
[182] loss: 2.27556800842
[183] loss: 2.28160214424
[184] loss: 2.27352142334
[185] loss: 2.30343651772
[186] loss: 2.2566652298
[187] loss: 2.29293012619
[188] loss: 2.29444742203
[189] loss: 2.28591990471
[190] loss: 2.25065851212
[191] loss: 2.27613472939
[192] loss: 2.28546571732
[193] loss: 2.28313040733
[194] loss: 2.31118869781
[195] loss: 2.29270625114
[196] loss: 2.26611709595
[197] loss: 2.2430973053
[198] loss: 2.271733284
[199] loss: 2.27925682068
[200] loss: 2.23266100883
[201] loss: 2.26681470871
[202] loss: 2.30291223526
[203] loss: 2.28995394707
[204] loss: 2.35403847694
[205] loss: 2.27800393105
[206] loss: 2.2708530426
[207] loss: 2.30718541145
[208] loss: 2.25809049606
[209] loss: 2.28562545776
[210] loss: 2.27328324318
[211] loss: 2.23454499245
[212] loss: 2.24726343155
[213] loss: 2.2902507782
[214] loss: 2.30634784698
[215] loss: 2.25966882706
[216] loss: 2.2714369297
[217] loss: 2.28658819199
[218] loss: 2.24332714081
[219] loss: 2.28320097923
[220] loss: 2.27721834183
[221] loss: 2.29260659218
[222] loss: 2.26984119415
[223] loss: 2.26800560951
[224] loss: 2.20080256462
[225] loss: 2.26795506477
[226] loss: 2.28832888603
[227] loss: 2.27575659752
[228] loss: 2.23658084869
[229] loss: 2.27756500244
[230] loss: 2.3328371048
[231] loss: 2.25072193146
[232] loss: 2.27658176422
[233] loss: 2.27109456062
[234] loss: 2.27320694923
[235] loss: 2.27094697952
[236] loss: 2.25688529015
[237] loss: 2.29707098007
[238] loss: 2.26429009438
[239] loss: 2.27181553841
[240] loss: 2.27420258522
[241] loss: 2.24831032753
[242] loss: 2.30469512939
[243] loss: 2.285166502
[244] loss: 2.25353360176
[245] loss: 2.2749838829
[246] loss: 2.25406193733
[247] loss: 2.24955463409
[248] loss: 2.26654362679
[249] loss: 2.26462697983
[250] loss: 2.24509811401
[251] loss: 2.26393818855
[252] loss: 2.2856156826
[253] loss: 2.24252438545
[254] loss: 2.29209828377
[255] loss: 2.27967119217
[256] loss: 2.29760503769
[257] loss: 2.26987695694
[258] loss: 2.27891850471
[259] loss: 2.26818704605
[260] loss: 2.250467062
[261] loss: 2.26192569733
[262] loss: 2.25788807869
[263] loss: 2.23707151413
[264] loss: 2.27233529091
[265] loss: 2.27288079262
[266] loss: 2.20145130157
[267] loss: 2.27506232262
[268] loss: 2.24734210968
[269] loss: 2.2459294796
[270] loss: 2.23858475685
[271] loss: 2.27875375748
[272] loss: 2.25252652168
[273] loss: 2.28443336487
[274] loss: 2.25038290024
[275] loss: 2.27622699738
[276] loss: 2.25965309143
[277] loss: 2.22824931145
[278] loss: 2.24170160294
[279] loss: 2.25220489502
[280] loss: 2.23289942741
[281] loss: 2.27156639099
[282] loss: 2.22730183601
[283] loss: 2.23224020004
[284] loss: 2.26397585869
[285] loss: 2.22813177109
[286] loss: 2.27115941048
[287] loss: 2.24511885643
[288] loss: 2.26295804977
[289] loss: 2.24132418633
[290] loss: 2.24748182297
[291] loss: 2.22883248329
[292] loss: 2.25831198692
[293] loss: 2.27427268028
[294] loss: 2.27079701424
[295] loss: 2.21065878868
[296] loss: 2.27271509171
[297] loss: 2.23295402527
[298] loss: 2.25689339638
[299] loss: 2.2606446743
[300] loss: 2.21732473373
[301] loss: 2.22837948799
[302] loss: 2.27574682236
[303] loss: 2.23559117317
[304] loss: 2.24308466911
[305] loss: 2.29118585587
[306] loss: 2.1963698864
[307] loss: 2.28464078903
[308] loss: 2.28766560555
[309] loss: 2.23847484589
[310] loss: 2.27292943001
[311] loss: 2.20542740822
[312] loss: 2.25914740562
[313] loss: 2.24771475792
[314] loss: 2.26418733597
[315] loss: 2.22509789467
[316] loss: 2.19970345497
[317] loss: 2.23290324211
[318] loss: 2.20849633217
[319] loss: 2.22144293785
[320] loss: 2.23502612114
[321] loss: 2.25392532349
[322] loss: 2.23772668839
[323] loss: 2.21313548088
[324] loss: 2.23357653618
[325] loss: 2.24976658821
[326] loss: 2.24454569817
[327] loss: 2.24112415314
[328] loss: 2.25567221642
[329] loss: 2.2974421978
[330] loss: 2.24874210358
[331] loss: 2.26473760605
[332] loss: 2.25099539757
[333] loss: 2.2842335701
[334] loss: 2.23410701752
[335] loss: 2.26125264168
[336] loss: 2.20141625404
[337] loss: 2.26922106743
[338] loss: 2.25394845009
[339] loss: 2.2494597435
[340] loss: 2.26577496529
[341] loss: 2.23372626305
[342] loss: 2.27780556679
[343] loss: 2.25211524963
[344] loss: 2.23318862915
[345] loss: 2.26957845688
[346] loss: 2.23824882507
[347] loss: 2.24237394333
[348] loss: 2.25405025482
[349] loss: 2.2626748085
[350] loss: 2.24309301376
[351] loss: 2.27565979958
[352] loss: 2.24850940704
[353] loss: 2.24042963982
[354] loss: 2.26410794258
[355] loss: 2.25378274918
[356] loss: 2.23068761826
[357] loss: 2.22954273224
[358] loss: 2.23457431793
[359] loss: 2.24801588058
[360] loss: 2.2916867733
[361] loss: 2.24507069588
[362] loss: 2.26826667786
[363] loss: 2.25105905533
[364] loss: 2.26979613304
[365] loss: 2.2143445015
[366] loss: 2.23116898537
[367] loss: 2.23597431183
[368] loss: 2.20710420609
[369] loss: 2.2016723156
[370] loss: 2.25301122665
[371] loss: 2.24661159515
[372] loss: 2.22523546219
[373] loss: 2.22120666504
[374] loss: 2.23464632034
[375] loss: 2.20470643044
[376] loss: 2.21848201752
[377] loss: 2.22290492058
[378] loss: 2.2307715416
[379] loss: 2.20941066742
[380] loss: 2.21998333931
[381] loss: 2.23991537094
[382] loss: 2.22014546394
[383] loss: 2.22957253456
[384] loss: 2.23638129234
[385] loss: 2.2226061821
[386] loss: 2.21770381927
[387] loss: 2.23527812958
[388] loss: 2.27659797668
[389] loss: 2.24235844612
[390] loss: 2.25260400772
[391] loss: 2.22958230972
[392] loss: 2.23619484901
[393] loss: 2.19278407097
[394] loss: 2.24393391609
[395] loss: 2.25113368034
[396] loss: 2.25247097015
[397] loss: 2.22587609291
[398] loss: 2.22218489647
[399] loss: 2.22391319275
[400] loss: 2.24154639244
[401] loss: 2.22855257988
[402] loss: 2.20924496651
[403] loss: 2.19473409653
[404] loss: 2.2398853302
[405] loss: 2.22456383705
[406] loss: 2.23901820183
[407] loss: 2.25146842003
[408] loss: 2.23409795761
[409] loss: 2.23290491104
[410] loss: 2.21904397011
[411] loss: 2.23222279549
[412] loss: 2.262570858
[413] loss: 2.21284198761
[414] loss: 2.21040272713
[415] loss: 2.22935914993
[416] loss: 2.21606564522
[417] loss: 2.22930431366
[418] loss: 2.22670555115
[419] loss: 2.18796610832
[420] loss: 2.19320511818
[421] loss: 2.2481751442
[422] loss: 2.23781204224
[423] loss: 2.19012475014
[424] loss: 2.19885468483
[425] loss: 2.20208144188
[426] loss: 2.20730233192
[427] loss: 2.22269654274
[428] loss: 2.24049544334
[429] loss: 2.22363448143
[430] loss: 2.22274398804
[431] loss: 2.2246530056
[432] loss: 2.21725416183
[433] loss: 2.24467587471
[434] loss: 2.2448656559
[435] loss: 2.24780535698
[436] loss: 2.21043801308
[437] loss: 2.22434616089
[438] loss: 2.20721077919
[439] loss: 2.23825097084
[440] loss: 2.21182727814
[441] loss: 2.20546650887
[442] loss: 2.22181773186
[443] loss: 2.22692537308
[444] loss: 2.20778250694
[445] loss: 2.19356894493
[446] loss: 2.19696784019
[447] loss: 2.18405675888
[448] loss: 2.19962763786
[449] loss: 2.2090549469
[450] loss: 2.17516732216
[451] loss: 2.22493982315
[452] loss: 2.22959709167
[453] loss: 2.18944716454
[454] loss: 2.21462464333
[455] loss: 2.25167608261
[456] loss: 2.2040579319
[457] loss: 2.17452383041
[458] loss: 2.20668888092
[459] loss: 2.16863274574
[460] loss: 2.23364973068
[461] loss: 2.20836925507
[462] loss: 2.18964767456
[463] loss: 2.19918370247
[464] loss: 2.24557709694
[465] loss: 2.19106984138
[466] loss: 2.22276568413
[467] loss: 2.19460868835
[468] loss: 2.22223162651
[469] loss: 2.22180461884
[470] loss: 2.1829226017
[471] loss: 2.24860453606
[472] loss: 2.19888019562
[473] loss: 2.20170307159
[474] loss: 2.19931197166
[475] loss: 2.22201776505
[476] loss: 2.1606066227
[477] loss: 2.26169490814
[478] loss: 2.20467352867
[479] loss: 2.202085495
[480] loss: 2.19062137604
[481] loss: 2.18036603928
[482] loss: 2.22564554214
[483] loss: 2.23669028282
[484] loss: 2.20419025421
[485] loss: 2.18610668182
[486] loss: 2.21147966385
[487] loss: 2.2422978878
[488] loss: 2.19276714325
[489] loss: 2.19494819641
[490] loss: 2.20347070694
[491] loss: 2.18790411949
[492] loss: 2.18875551224
[493] loss: 2.20449733734
[494] loss: 2.21118593216
[495] loss: 2.203114748
[496] loss: 2.16449666023
[497] loss: 2.21161603928
[498] loss: 2.18017482758
[499] loss: 2.20442891121
[500] loss: 2.21653461456
[501] loss: 2.19629430771
[502] loss: 2.19490695
[503] loss: 2.1984462738
[504] loss: 2.20994472504
[505] loss: 2.17060613632
[506] loss: 2.20458245277
[507] loss: 2.18423008919
[508] loss: 2.20641088486
[509] loss: 2.22583436966
[510] loss: 2.20801639557
[511] loss: 2.18419098854
[512] loss: 2.20711827278
[513] loss: 2.22519659996
[514] loss: 2.17974567413
[515] loss: 2.20762825012
[516] loss: 2.18273997307
[517] loss: 2.21432447433
[518] loss: 2.18696498871
[519] loss: 2.17293405533
[520] loss: 2.18678474426
[521] loss: 2.18020033836
[522] loss: 2.19502496719
[523] loss: 2.18320655823
[524] loss: 2.19956922531
[525] loss: 2.18474817276
[526] loss: 2.20716762543
[527] loss: 2.20409536362
[528] loss: 2.2205324173
[529] loss: 2.2101213932
[530] loss: 2.19919061661
[531] loss: 2.1951622963
[532] loss: 2.16822314262
[533] loss: 2.21572494507
[534] loss: 2.19779896736
[535] loss: 2.22090148926
[536] loss: 2.17630338669
[537] loss: 2.22523832321
[538] loss: 2.17542886734
[539] loss: 2.16104626656
[540] loss: 2.18943595886
[541] loss: 2.1522436142
[542] loss: 2.1980369091
[543] loss: 2.20680046082
[544] loss: 2.21904325485
[545] loss: 2.20271205902
[546] loss: 2.21861624718
[547] loss: 2.16443490982
[548] loss: 2.20562887192
[549] loss: 2.19998407364
[550] loss: 2.1854903698
[551] loss: 2.18153476715
[552] loss: 2.16190910339
[553] loss: 2.18547797203
[554] loss: 2.16869711876
[555] loss: 2.22679829597
[556] loss: 2.21361613274
[557] loss: 2.20604515076
[558] loss: 2.21494531631
[559] loss: 2.19639277458
[560] loss: 2.19831395149
[561] loss: 2.22001838684
[562] loss: 2.18645215034
[563] loss: 2.17261958122
[564] loss: 2.19680976868
[565] loss: 2.19972419739
[566] loss: 2.18105244637
[567] loss: 2.18392658234
[568] loss: 2.17855644226
[569] loss: 2.21117186546
[570] loss: 2.18314909935
[571] loss: 2.16395401955
[572] loss: 2.18479990959
[573] loss: 2.16871666908
[574] loss: 2.20406270027
[575] loss: 2.1726295948
[576] loss: 2.20040273666
[577] loss: 2.17471456528
[578] loss: 2.20513224602
[579] loss: 2.15477275848
[580] loss: 2.1768143177
[581] loss: 2.19324994087
[582] loss: 2.19295406342
[583] loss: 2.17720866203
[584] loss: 2.18127131462
[585] loss: 2.18239068985
[586] loss: 2.18393301964
[587] loss: 2.16841053963
[588] loss: 2.18677282333
[589] loss: 2.1766037941
[590] loss: 2.15678787231
[591] loss: 2.17578601837
[592] loss: 2.17466831207
[593] loss: 2.19167590141
[594] loss: 2.15747928619
[595] loss: 2.19396352768
[596] loss: 2.19754052162
[597] loss: 2.17688393593
[598] loss: 2.15472435951
[599] loss: 2.16008901596
python main.py  45.21s user 2.69s system 585% cpu 8.187 total
